2018-04-04 18:07:15 [scrapy.utils.log] INFO: Scrapy 1.5.0 started (bot: RedditScrape)
2018-04-04 18:07:15 [scrapy.utils.log] INFO: Versions: lxml 4.2.1.0, libxml2 2.9.8, cssselect 1.0.3, parsel 1.4.0, w3lib 1.19.0, Twisted 17.9.0, Python 3.6.4 (v3.6.4:d48ecebad5, Dec 18 2017, 21:07:28) - [GCC 4.2.1 (Apple Inc. build 5666) (dot 3)], pyOpenSSL 17.5.0 (OpenSSL 1.1.0h  27 Mar 2018), cryptography 2.2.2, Platform Darwin-15.6.0-x86_64-i386-64bit
2018-04-04 18:07:15 [scrapy.crawler] INFO: Overridden settings: {'BOT_NAME': 'RedditScrape', 'FEED_FORMAT': 'csv', 'FEED_URI': 'reddit.csv', 'LOG_FILE': 'logs/RedditScrape/redditbot/e7e14de2385c11e8ba580c4de99a0923.log', 'LOG_LEVEL': 'INFO', 'NEWSPIDER_MODULE': 'RedditScrape.spiders', 'ROBOTSTXT_OBEY': True, 'SPIDER_MODULES': ['RedditScrape.spiders']}
2018-04-04 18:07:15 [scrapy.middleware] INFO: Enabled extensions:
['scrapy.extensions.corestats.CoreStats',
 'scrapy.extensions.telnet.TelnetConsole',
 'scrapy.extensions.memusage.MemoryUsage',
 'scrapy.extensions.feedexport.FeedExporter',
 'scrapy.extensions.logstats.LogStats']
2018-04-04 18:07:16 [scrapy.middleware] INFO: Enabled downloader middlewares:
['scrapy.downloadermiddlewares.robotstxt.RobotsTxtMiddleware',
 'scrapy.downloadermiddlewares.httpauth.HttpAuthMiddleware',
 'scrapy.downloadermiddlewares.downloadtimeout.DownloadTimeoutMiddleware',
 'scrapy.downloadermiddlewares.defaultheaders.DefaultHeadersMiddleware',
 'scrapy.downloadermiddlewares.useragent.UserAgentMiddleware',
 'scrapy.downloadermiddlewares.retry.RetryMiddleware',
 'scrapy.downloadermiddlewares.redirect.MetaRefreshMiddleware',
 'scrapy.downloadermiddlewares.httpcompression.HttpCompressionMiddleware',
 'scrapy.downloadermiddlewares.redirect.RedirectMiddleware',
 'scrapy.downloadermiddlewares.cookies.CookiesMiddleware',
 'scrapy.downloadermiddlewares.httpproxy.HttpProxyMiddleware',
 'scrapy.downloadermiddlewares.stats.DownloaderStats']
2018-04-04 18:07:16 [scrapy.middleware] INFO: Enabled spider middlewares:
['scrapy.spidermiddlewares.httperror.HttpErrorMiddleware',
 'scrapy.spidermiddlewares.offsite.OffsiteMiddleware',
 'scrapy.spidermiddlewares.referer.RefererMiddleware',
 'scrapy.spidermiddlewares.urllength.UrlLengthMiddleware',
 'scrapy.spidermiddlewares.depth.DepthMiddleware']
2018-04-04 18:07:16 [scrapy.middleware] INFO: Enabled item pipelines:
[]
2018-04-04 18:07:16 [scrapy.core.engine] INFO: Spider opened
2018-04-04 18:07:16 [scrapy.extensions.logstats] INFO: Crawled 0 pages (at 0 pages/min), scraped 0 items (at 0 items/min)
2018-04-04 18:07:18 [scrapy.core.engine] INFO: Closing spider (finished)
2018-04-04 18:07:18 [scrapy.statscollectors] INFO: Dumping Scrapy stats:
{'downloader/request_bytes': 911,
 'downloader/request_count': 4,
 'downloader/request_method_count/GET': 4,
 'downloader/response_bytes': 110697,
 'downloader/response_count': 4,
 'downloader/response_status_count/200': 2,
 'downloader/response_status_count/301': 2,
 'finish_reason': 'finished',
 'finish_time': datetime.datetime(2018, 4, 4, 23, 7, 18, 379236),
 'log_count/INFO': 7,
 'memusage/max': 51408896,
 'memusage/startup': 51408896,
 'response_received_count': 2,
 'scheduler/dequeued': 2,
 'scheduler/dequeued/memory': 2,
 'scheduler/enqueued': 2,
 'scheduler/enqueued/memory': 2,
 'start_time': datetime.datetime(2018, 4, 4, 23, 7, 16, 32475)}
2018-04-04 18:07:18 [scrapy.core.engine] INFO: Spider closed (finished)
